<?xml version="1.0" encoding="UTF-8"?>
<!-- Generated by org.testng.reporters.JUnitReportReporter -->
<testsuite skipped="0" hostname="Vibhav" name="level_3_PriorityQueue.MaxPriorityTest" tests="2" failures="0" timestamp="2020-01-28T08:56:54 IST" time="0.027" errors="0">
  <testcase name="removeMaxTest" time="0.017" classname="level_3_PriorityQueue.MaxPriorityTest"/>
  <testcase name="insertTest" time="0.010" classname="level_3_PriorityQueue.MaxPriorityTest"/>
</testsuite> <!-- level_3_PriorityQueue.MaxPriorityTest -->
